# JRE version: OpenJDK Runtime Environment (21.0.1+12) (build 21.0.1+12-Ubuntu-222.04)
# Java VM: OpenJDK 64-Bit Server VM (21.0.1+12-Ubuntu-222.04, mixed mode, emulated-client, sharing, tiered, compressed oops, compressed class ptrs, g1 gc, linux-amd64)
GC Precious Log:
 CardTable entry size: 512
 Card Set container configuration: InlinePtr #cards 4 size 8 Array Of Cards #cards 16 size 48 Howl #buckets 8 coarsen threshold 3686 Howl Bitmap #cards 512 size 80 coarsen threshold 460 Card regions per heap region 1 cards per card region 4096
 CPUs: 8 total, 8 available
 Memory: 15906M
 Large Page Support: Disabled
 NUMA Support: Disabled
 Compressed Oops: Enabled (Zero based)
 Heap Region Size: 2M
 Heap Min Capacity: 8M
 Heap Initial Capacity: 250M
 Heap Max Capacity: 3978M
 Pre-touch: Disabled
 Parallel Workers: 8
 Concurrent Workers: 2
 Concurrent Refinement Workers: 8
 Periodic GC: Disabled
Heap:
 garbage-first heap   total 200704K, used 144230K [0x0000000707600000, 0x0000000800000000)
  region size 2048K, 30 young (61440K), 5 survivors (10240K)
 Metaspace       used 74429K, committed 75456K, reserved 1114112K
  class space    used 10029K, committed 10496K, reserved 1048576K
GC Heap History (20 events):
Event: 4,959 GC heap after
{Heap after GC invocations=19 (full 0):
 garbage-first heap   total 147456K, used 43269K [0x0000000707600000, 0x0000000800000000)
  region size 2048K, 4 young (8192K), 4 survivors (8192K)
 Metaspace       used 47728K, committed 48384K, reserved 1114112K
  class space    used 6521K, committed 6784K, reserved 1048576K
}
Event: 5,557 GC heap before
{Heap before GC invocations=19 (full 0):
 garbage-first heap   total 147456K, used 123141K [0x0000000707600000, 0x0000000800000000)
  region size 2048K, 43 young (88064K), 4 survivors (8192K)
 Metaspace       used 52235K, committed 52864K, reserved 1114112K
  class space    used 7157K, committed 7424K, reserved 1048576K
}
Event: 5,562 GC heap after
{Heap after GC invocations=20 (full 0):
 garbage-first heap   total 147456K, used 46141K [0x0000000707600000, 0x0000000800000000)
  region size 2048K, 5 young (10240K), 5 survivors (10240K)
 Metaspace       used 52235K, committed 52864K, reserved 1114112K
  class space    used 7157K, committed 7424K, reserved 1048576K
}
Event: 5,998 GC heap before
{Heap before GC invocations=20 (full 0):
 garbage-first heap   total 147456K, used 123965K [0x0000000707600000, 0x0000000800000000)
  region size 2048K, 43 young (88064K), 5 survivors (10240K)
 Metaspace       used 57567K, committed 58176K, reserved 1114112K
  class space    used 7776K, committed 8064K, reserved 1048576K
}
Event: 6,005 GC heap after
{Heap after GC invocations=21 (full 0):
 garbage-first heap   total 147456K, used 51756K [0x0000000707600000, 0x0000000800000000)
  region size 2048K, 5 young (10240K), 5 survivors (10240K)
 Metaspace       used 57567K, committed 58176K, reserved 1114112K
  class space    used 7776K, committed 8064K, reserved 1048576K
}
Event: 6,331 GC heap before
{Heap before GC invocations=21 (full 0):
 garbage-first heap   total 147456K, used 121388K [0x0000000707600000, 0x0000000800000000)
  region size 2048K, 40 young (81920K), 5 survivors (10240K)
 Metaspace       used 59954K, committed 60672K, reserved 1114112K
  class space    used 7941K, committed 8256K, reserved 1048576K
}
Event: 6,338 GC heap after
{Heap after GC invocations=22 (full 0):
 garbage-first heap   total 147456K, used 57154K [0x0000000707600000, 0x0000000800000000)
  region size 2048K, 5 young (10240K), 5 survivors (10240K)
 Metaspace       used 59954K, committed 60672K, reserved 1114112K
  class space    used 7941K, committed 8256K, reserved 1048576K
}
Event: 6,512 GC heap before
{Heap before GC invocations=22 (full 0):
 garbage-first heap   total 147456K, used 124738K [0x0000000707600000, 0x0000000800000000)
  region size 2048K, 38 young (77824K), 5 survivors (10240K)
 Metaspace       used 61277K, committed 62016K, reserved 1114112K
  class space    used 8113K, committed 8448K, reserved 1048576K
}
Event: 6,519 GC heap after
{Heap after GC invocations=23 (full 0):
 garbage-first heap   total 147456K, used 62932K [0x0000000707600000, 0x0000000800000000)
  region size 2048K, 3 young (6144K), 3 survivors (6144K)
 Metaspace       used 61277K, committed 62016K, reserved 1114112K
  class space    used 8113K, committed 8448K, reserved 1048576K
}
Event: 6,660 GC heap before
{Heap before GC invocations=24 (full 0):
 garbage-first heap   total 147456K, used 130516K [0x0000000707600000, 0x0000000800000000)
  region size 2048K, 35 young (71680K), 3 survivors (6144K)
 Metaspace       used 61276K, committed 62016K, reserved 1114112K
  class space    used 8114K, committed 8448K, reserved 1048576K
}
Event: 6,669 GC heap after
{Heap after GC invocations=25 (full 0):
 garbage-first heap   total 147456K, used 73506K [0x0000000707600000, 0x0000000800000000)
  region size 2048K, 5 young (10240K), 5 survivors (10240K)
 Metaspace       used 61276K, committed 62016K, reserved 1114112K
  class space    used 8114K, committed 8448K, reserved 1048576K
}
Event: 7,271 GC heap before
{Heap before GC invocations=25 (full 0):
 garbage-first heap   total 147456K, used 128802K [0x0000000707600000, 0x0000000800000000)
  region size 2048K, 30 young (61440K), 5 survivors (10240K)
 Metaspace       used 63048K, committed 63808K, reserved 1114112K
  class space    used 8362K, committed 8704K, reserved 1048576K
}
Event: 7,284 GC heap after
{Heap after GC invocations=26 (full 0):
 garbage-first heap   total 200704K, used 85353K [0x0000000707600000, 0x0000000800000000)
  region size 2048K, 4 young (8192K), 4 survivors (8192K)
 Metaspace       used 63048K, committed 63808K, reserved 1114112K
  class space    used 8362K, committed 8704K, reserved 1048576K
}
Event: 7,953 GC heap before
{Heap before GC invocations=26 (full 0):
 garbage-first heap   total 200704K, used 171369K [0x0000000707600000, 0x0000000800000000)
  region size 2048K, 46 young (94208K), 4 survivors (8192K)
 Metaspace       used 65773K, committed 66560K, reserved 1114112K
  class space    used 8761K, committed 9152K, reserved 1048576K
}
Event: 7,960 GC heap after
{Heap after GC invocations=27 (full 0):
 garbage-first heap   total 200704K, used 89093K [0x0000000707600000, 0x0000000800000000)
  region size 2048K, 2 young (4096K), 2 survivors (4096K)
 Metaspace       used 65773K, committed 66560K, reserved 1114112K
  class space    used 8761K, committed 9152K, reserved 1048576K
}
Event: 8,618 GC heap before
{Heap before GC invocations=27 (full 0):
 garbage-first heap   total 200704K, used 175109K [0x0000000707600000, 0x0000000800000000)
  region size 2048K, 44 young (90112K), 2 survivors (4096K)
 Metaspace       used 68419K, committed 69248K, reserved 1114112K
  class space    used 9134K, committed 9536K, reserved 1048576K
}
Event: 8,622 GC heap after
{Heap after GC invocations=28 (full 0):
 garbage-first heap   total 200704K, used 91495K [0x0000000707600000, 0x0000000800000000)
  region size 2048K, 3 young (6144K), 3 survivors (6144K)
 Metaspace       used 68419K, committed 69248K, reserved 1114112K
  class space    used 9134K, committed 9536K, reserved 1048576K
}
Event: 9,726 GC heap before
{Heap before GC invocations=28 (full 0):
 garbage-first heap   total 200704K, used 179559K [0x0000000707600000, 0x0000000800000000)
  region size 2048K, 46 young (94208K), 3 survivors (6144K)
 Metaspace       used 71904K, committed 72832K, reserved 1114112K
  class space    used 9648K, committed 10048K, reserved 1048576K
}
Event: 9,733 GC heap after
{Heap after GC invocations=29 (full 0):
 garbage-first heap   total 200704K, used 94319K [0x0000000707600000, 0x0000000800000000)
  region size 2048K, 5 young (10240K), 5 survivors (10240K)
 Metaspace       used 71904K, committed 72832K, reserved 1114112K
  class space    used 9648K, committed 10048K, reserved 1048576K
}
Event: 33,922 GC heap before
{Heap before GC invocations=29 (full 0):
 garbage-first heap   total 200704K, used 141423K [0x0000000707600000, 0x0000000800000000)
  region size 2048K, 30 young (61440K), 5 survivors (10240K)
 Metaspace       used 74429K, committed 75456K, reserved 1114112K
  class space    used 10029K, committed 10496K, reserved 1048576K
}

